Using pre-set license
Built from '2020.2/staging' branch; Version is '2020.2.3f1 (8ff31bc5bf5b) revision 9433883'; Using compiler version '192528614'; Build Type 'Release'
OS: 'Windows 10 Pro; OS build 18363.1379; Version 1909; 64bit' Language: 'en' Physical Memory: 16322 MB
BatchMode: 1, IsHumanControllingUs: 0, StartBugReporterOnCrash: 0, Is64bit: 1, IsPro: 0

 COMMAND LINE ARGUMENTS:
C:\Program Files\Unity\Hub\Editor\2020.2.3f1\Editor\Unity.exe
-adb2
-batchMode
-noUpm
-name
AssetImportWorker1
-projectPath
A:/Projects/Super Tank 3D/Super Tank 3D
-logFile
Logs/AssetImportWorker1.log
-srvPort
50356
Successfully changed project path to: A:/Projects/Super Tank 3D/Super Tank 3D
A:/Projects/Super Tank 3D/Super Tank 3D
Using Asset Import Pipeline V2.
Refreshing native plugins compatible for Editor in 64.10 ms, found 0 plugins.
Preloading 0 native plugins for Editor in 0.00 ms.
Initialize engine version: 2020.2.3f1 (8ff31bc5bf5b)
[Subsystems] Discovering subsystems at path C:/Program Files/Unity/Hub/Editor/2020.2.3f1/Editor/Data/Resources/UnitySubsystems
[Subsystems] Discovering subsystems at path A:/Projects/Super Tank 3D/Super Tank 3D/Assets
GfxDevice: creating device client; threaded=0
Direct3D:
    Version:  Direct3D 11.0 [level 11.1]
    Renderer: NVIDIA GeForce GTX 1050 Ti (ID=0x1c82)
    Vendor:   
    VRAM:     4018 MB
    Driver:   26.21.14.3200
Shader 'Universal Render Pipeline/Particles/Lit': fallback shader 'Universal Render Pipeline/Particles/SimpleLit' not found
Initialize mono
Mono path[0] = 'C:/Program Files/Unity/Hub/Editor/2020.2.3f1/Editor/Data/Managed'
Mono path[1] = 'C:/Program Files/Unity/Hub/Editor/2020.2.3f1/Editor/Data/MonoBleedingEdge/lib/mono/unityjit'
Mono config path = 'C:/Program Files/Unity/Hub/Editor/2020.2.3f1/Editor/Data/MonoBleedingEdge/etc'
Using monoOptions --debugger-agent=transport=dt_socket,embedding=1,server=y,suspend=n,address=127.0.0.1:56888
Begin MonoManager ReloadAssembly
Registering precompiled unity dll's ...
Register platform support module: C:/Program Files/Unity/Hub/Editor/2020.2.3f1/Editor/Data/PlaybackEngines/WindowsStandaloneSupport/UnityEditor.WindowsStandalone.Extensions.dll
Registered in 0.001667 seconds.
Native extension for WindowsStandalone target not found
Refreshing native plugins compatible for Editor in 46.19 ms, found 0 plugins.
Preloading 0 native plugins for Editor in 0.00 ms.
Invoked RoslynAnalysisRunner static constructor.
RoslynAnalysisRunner will not be running.
RoslynAnalysisRunner has terminated.
Mono: successfully reloaded assembly
- Completed reload, in  1.387 seconds
Platform modules already initialized, skipping
Registering precompiled user dll's ...
Registered in 0.001235 seconds.
Begin MonoManager ReloadAssembly
Native extension for WindowsStandalone target not found
Refreshing native plugins compatible for Editor in 49.32 ms, found 0 plugins.
Preloading 0 native plugins for Editor in 0.00 ms.
Invoked RoslynAnalysisRunner static constructor.
RoslynAnalysisRunner will not be running.
RoslynAnalysisRunner has terminated.
Mono: successfully reloaded assembly
- Completed reload, in  0.853 seconds
Platform modules already initialized, skipping
========================================================================
Worker process is ready to serve import requests
Shader 'Universal Render Pipeline/Particles/Lit': fallback shader 'Universal Render Pipeline/Particles/SimpleLit' not found
Launched and connected shader compiler UnityShaderCompiler.exe after 0.04 seconds
Refreshing native plugins compatible for Editor in 0.72 ms, found 0 plugins.
Preloading 0 native plugins for Editor in 0.00 ms.
Unloading 2650 Unused Serialized files (Serialized files now loaded: 0)
System memory in use before: 197.6 MB.
System memory in use after: 197.8 MB.

Unloading 14 unused Assets to reduce memory usage. Loaded Objects now: 3116.
Total: 2.198300 ms (FindLiveObjects: 0.280800 ms CreateObjectMapping: 0.145800 ms MarkObjects: 1.697800 ms  DeleteObjects: 0.073000 ms)

========================================================================
Received Import Request.
  path: Assets/Scenes/Level1.unity
  artifactKey: Guid(9fc0d4010bbf28b4594072e72b8655ab) Importer(815301076,1909f56bfc062723c751e8b465ee728b)
Start importing Assets/Scenes/Level1.unity using Guid(9fc0d4010bbf28b4594072e72b8655ab) Importer(815301076,1909f56bfc062723c751e8b465ee728b)  -> (artifact id: '7b69e64a558063c537f5e9296284607f') in 0.016839 seconds
  Import took 0.020939 seconds .

========================================================================
Received Import Request.
  Time since last request: 1.478314 seconds.
  path: Assets/Scenes/Level2.unity
  artifactKey: Guid(1e433f736fdba174a9fc4bfb3bfcf04d) Importer(815301076,1909f56bfc062723c751e8b465ee728b)
Start importing Assets/Scenes/Level2.unity using Guid(1e433f736fdba174a9fc4bfb3bfcf04d) Importer(815301076,1909f56bfc062723c751e8b465ee728b)  -> (artifact id: '17b4feee7551616cb0b8e5c4b4bf151e') in 0.002926 seconds
  Import took 0.013449 seconds .

========================================================================
Received Import Request.
  Time since last request: 7.906587 seconds.
  path: Assets/Scenes/Level2.unity
  artifactKey: Guid(1e433f736fdba174a9fc4bfb3bfcf04d) Importer(815301076,1909f56bfc062723c751e8b465ee728b)
Start importing Assets/Scenes/Level2.unity using Guid(1e433f736fdba174a9fc4bfb3bfcf04d) Importer(815301076,1909f56bfc062723c751e8b465ee728b)  -> (artifact id: '8b74945f5d6ce21cf62e2750236391fe') in 0.002482 seconds
  Import took 0.006366 seconds .

========================================================================
Received Import Request.
  Time since last request: 0.874451 seconds.
  path: Assets/Scenes/Level3.unity
  artifactKey: Guid(485132839f421d34da6eb6a86b555be3) Importer(815301076,1909f56bfc062723c751e8b465ee728b)
Start importing Assets/Scenes/Level3.unity using Guid(485132839f421d34da6eb6a86b555be3) Importer(815301076,1909f56bfc062723c751e8b465ee728b)  -> (artifact id: '8314fabcb612c45e6d0085e34eece353') in 0.001951 seconds
  Import took 0.020298 seconds .

========================================================================
Received Import Request.
  Time since last request: 6.070664 seconds.
  path: Assets/Scenes/Level3.unity
  artifactKey: Guid(485132839f421d34da6eb6a86b555be3) Importer(815301076,1909f56bfc062723c751e8b465ee728b)
Start importing Assets/Scenes/Level3.unity using Guid(485132839f421d34da6eb6a86b555be3) Importer(815301076,1909f56bfc062723c751e8b465ee728b)  -> (artifact id: 'c49b212fd4f56a6189e88a3b9a5c0bca') in 0.002164 seconds
  Import took 0.006815 seconds .

========================================================================
Received Import Request.
  Time since last request: 1.678521 seconds.
  path: Assets/Scenes/Level1.unity
  artifactKey: Guid(9fc0d4010bbf28b4594072e72b8655ab) Importer(815301076,1909f56bfc062723c751e8b465ee728b)
Start importing Assets/Scenes/Level1.unity using Guid(9fc0d4010bbf28b4594072e72b8655ab) Importer(815301076,1909f56bfc062723c751e8b465ee728b)  -> (artifact id: '76d2fed2ffe46020118b2be5c44ff7cf') in 0.001886 seconds
  Import took 0.005360 seconds .

========================================================================
Received Import Request.
  Time since last request: 1.585081 seconds.
  path: Assets/Scenes/Main Menu.unity
  artifactKey: Guid(5fa0906d04343a845b0db3ace984834a) Importer(815301076,1909f56bfc062723c751e8b465ee728b)
Start importing Assets/Scenes/Main Menu.unity using Guid(5fa0906d04343a845b0db3ace984834a) Importer(815301076,1909f56bfc062723c751e8b465ee728b)  -> (artifact id: 'dd5909d37005eaa688b03d4a96325e59') in 0.010438 seconds
  Import took 0.014359 seconds .

========================================================================
Received Prepare
Registering precompiled user dll's ...
Registered in 0.001319 seconds.
Begin MonoManager ReloadAssembly
Native extension for WindowsStandalone target not found
Refreshing native plugins compatible for Editor in 0.44 ms, found 0 plugins.
Preloading 0 native plugins for Editor in 0.00 ms.
Invoked RoslynAnalysisRunner static constructor.
RoslynAnalysisRunner will not be running.
RoslynAnalysisRunner has terminated.
Mono: successfully reloaded assembly
- Completed reload, in  0.743 seconds
Platform modules already initialized, skipping
Shader 'Universal Render Pipeline/Particles/Lit': fallback shader 'Universal Render Pipeline/Particles/SimpleLit' not found
Refreshing native plugins compatible for Editor in 0.42 ms, found 0 plugins.
Preloading 0 native plugins for Editor in 0.00 ms.
Unloading 2500 Unused Serialized files (Serialized files now loaded: 0)
System memory in use before: 188.7 MB.
System memory in use after: 188.9 MB.

Unloading 6 unused Assets to reduce memory usage. Loaded Objects now: 3118.
Total: 3.106500 ms (FindLiveObjects: 0.537300 ms CreateObjectMapping: 0.301800 ms MarkObjects: 2.202400 ms  DeleteObjects: 0.063300 ms)

========================================================================
Received Prepare
Registering precompiled user dll's ...
Registered in 0.001209 seconds.
Begin MonoManager ReloadAssembly
Native extension for WindowsStandalone target not found
Refreshing native plugins compatible for Editor in 0.45 ms, found 0 plugins.
Preloading 0 native plugins for Editor in 0.00 ms.
Invoked RoslynAnalysisRunner static constructor.
RoslynAnalysisRunner will not be running.
RoslynAnalysisRunner has terminated.
Mono: successfully reloaded assembly
- Completed reload, in  0.748 seconds
Platform modules already initialized, skipping
Shader 'Universal Render Pipeline/Particles/Lit': fallback shader 'Universal Render Pipeline/Particles/SimpleLit' not found
Refreshing native plugins compatible for Editor in 0.53 ms, found 0 plugins.
Preloading 0 native plugins for Editor in 0.00 ms.
Unloading 2500 Unused Serialized files (Serialized files now loaded: 0)
System memory in use before: 188.8 MB.
System memory in use after: 189.0 MB.

Unloading 6 unused Assets to reduce memory usage. Loaded Objects now: 3120.
Total: 2.035800 ms (FindLiveObjects: 0.262300 ms CreateObjectMapping: 0.122300 ms MarkObjects: 1.592400 ms  DeleteObjects: 0.057500 ms)

========================================================================
Received Prepare
Registering precompiled user dll's ...
Registered in 0.072961 seconds.
Begin MonoManager ReloadAssembly
Native extension for WindowsStandalone target not found
Refreshing native plugins compatible for Editor in 7.14 ms, found 0 plugins.
Preloading 0 native plugins for Editor in 0.00 ms.
Invoked RoslynAnalysisRunner static constructor.
RoslynAnalysisRunner will not be running.
RoslynAnalysisRunner has terminated.
Mono: successfully reloaded assembly
- Completed reload, in 10.491 seconds
Platform modules already initialized, skipping
Shader 'Universal Render Pipeline/Particles/Lit': fallback shader 'Universal Render Pipeline/Particles/SimpleLit' not found
Refreshing native plugins compatible for Editor in 0.50 ms, found 0 plugins.
Preloading 0 native plugins for Editor in 0.00 ms.
Unloading 2500 Unused Serialized files (Serialized files now loaded: 0)
System memory in use before: 188.8 MB.
System memory in use after: 189.0 MB.

Unloading 6 unused Assets to reduce memory usage. Loaded Objects now: 3122.
Total: 17.103500 ms (FindLiveObjects: 1.361200 ms CreateObjectMapping: 0.257200 ms MarkObjects: 14.774800 ms  DeleteObjects: 0.707600 ms)

========================================================================
Received Import Request.
  Time since last request: 482.614056 seconds.
  path: Assets/Scenes/Main Menu/Global Volume Profile.asset
  artifactKey: Guid(6c48315db3432be4ea6cf8e27d7e1d5c) Importer(815301076,1909f56bfc062723c751e8b465ee728b)
Start importing Assets/Scenes/Main Menu/Global Volume Profile.asset using Guid(6c48315db3432be4ea6cf8e27d7e1d5c) Importer(815301076,1909f56bfc062723c751e8b465ee728b)  -> (artifact id: 'd83e1edc4d9201cd90e75b4ed28fdb4f') in 0.328839 seconds
  Import took 0.373273 seconds .

========================================================================
Received Prepare
Registering precompiled user dll's ...
Registered in 0.001891 seconds.
Begin MonoManager ReloadAssembly
Native extension for WindowsStandalone target not found
Refreshing native plugins compatible for Editor in 0.50 ms, found 0 plugins.
Preloading 0 native plugins for Editor in 0.00 ms.
Invoked RoslynAnalysisRunner static constructor.
RoslynAnalysisRunner will not be running.
RoslynAnalysisRunner has terminated.
Mono: successfully reloaded assembly
- Completed reload, in  0.807 seconds
Platform modules already initialized, skipping
Shader 'Universal Render Pipeline/Particles/Lit': fallback shader 'Universal Render Pipeline/Particles/SimpleLit' not found
Refreshing native plugins compatible for Editor in 0.77 ms, found 0 plugins.
Preloading 0 native plugins for Editor in 0.00 ms.
Unloading 2500 Unused Serialized files (Serialized files now loaded: 0)
System memory in use before: 188.8 MB.
System memory in use after: 189.0 MB.

Unloading 6 unused Assets to reduce memory usage. Loaded Objects now: 3124.
Total: 2.886800 ms (FindLiveObjects: 0.332200 ms CreateObjectMapping: 0.142200 ms MarkObjects: 2.348000 ms  DeleteObjects: 0.062800 ms)

========================================================================
Received Import Request.
  Time since last request: 295.635032 seconds.
  path: Assets/Scenes/Main Menu.unity
  artifactKey: Guid(5fa0906d04343a845b0db3ace984834a) Importer(815301076,1909f56bfc062723c751e8b465ee728b)
Start importing Assets/Scenes/Main Menu.unity using Guid(5fa0906d04343a845b0db3ace984834a) Importer(815301076,1909f56bfc062723c751e8b465ee728b)  -> (artifact id: '5029f531b076bad5c5711cd23e5e057b') in 0.151761 seconds
  Import took 0.222186 seconds .

========================================================================
Received Import Request.
  Time since last request: 22.963936 seconds.
  path: Assets/Scenes/Level2.unity
  artifactKey: Guid(1e433f736fdba174a9fc4bfb3bfcf04d) Importer(815301076,1909f56bfc062723c751e8b465ee728b)
Start importing Assets/Scenes/Level2.unity using Guid(1e433f736fdba174a9fc4bfb3bfcf04d) Importer(815301076,1909f56bfc062723c751e8b465ee728b)  -> (artifact id: 'c0feb21f0dddd99eaf9d1ed18313cb44') in 0.002914 seconds
  Import took 0.006544 seconds .

========================================================================
Received Import Request.
  Time since last request: 0.542770 seconds.
  path: Assets/Scenes/Level1.unity
  artifactKey: Guid(9fc0d4010bbf28b4594072e72b8655ab) Importer(815301076,1909f56bfc062723c751e8b465ee728b)
Start importing Assets/Scenes/Level1.unity using Guid(9fc0d4010bbf28b4594072e72b8655ab) Importer(815301076,1909f56bfc062723c751e8b465ee728b)  -> (artifact id: '983b02eb00878e4a3cc92fb990035831') in 0.002615 seconds
  Import took 0.028698 seconds .

========================================================================
Received Import Request.
  Time since last request: 4.432567 seconds.
  path: Assets/Scenes/Main Menu.unity
  artifactKey: Guid(5fa0906d04343a845b0db3ace984834a) Importer(815301076,1909f56bfc062723c751e8b465ee728b)
Start importing Assets/Scenes/Main Menu.unity using Guid(5fa0906d04343a845b0db3ace984834a) Importer(815301076,1909f56bfc062723c751e8b465ee728b)  -> (artifact id: 'c3e52156dae283a241ccc861b4fad50e') in 0.002349 seconds
  Import took 0.006030 seconds .

========================================================================
Received Prepare
Registering precompiled user dll's ...
Registered in 0.001366 seconds.
Begin MonoManager ReloadAssembly
Native extension for WindowsStandalone target not found
Refreshing native plugins compatible for Editor in 0.53 ms, found 0 plugins.
Preloading 0 native plugins for Editor in 0.00 ms.
Invoked RoslynAnalysisRunner static constructor.
RoslynAnalysisRunner will not be running.
RoslynAnalysisRunner has terminated.
Mono: successfully reloaded assembly
- Completed reload, in  0.950 seconds
Platform modules already initialized, skipping
Shader 'Universal Render Pipeline/Particles/Lit': fallback shader 'Universal Render Pipeline/Particles/SimpleLit' not found
Refreshing native plugins compatible for Editor in 0.42 ms, found 0 plugins.
Preloading 0 native plugins for Editor in 0.00 ms.
Unloading 2500 Unused Serialized files (Serialized files now loaded: 0)
System memory in use before: 188.9 MB.
System memory in use after: 189.1 MB.

Unloading 6 unused Assets to reduce memory usage. Loaded Objects now: 3126.
Total: 2.235400 ms (FindLiveObjects: 0.299600 ms CreateObjectMapping: 0.128500 ms MarkObjects: 1.713700 ms  DeleteObjects: 0.092500 ms)

========================================================================
Received Prepare
Registering precompiled user dll's ...
Registered in 0.001285 seconds.
Begin MonoManager ReloadAssembly
Native extension for WindowsStandalone target not found
Refreshing native plugins compatible for Editor in 0.42 ms, found 0 plugins.
Preloading 0 native plugins for Editor in 0.00 ms.
Invoked RoslynAnalysisRunner static constructor.
RoslynAnalysisRunner will not be running.
RoslynAnalysisRunner has terminated.
Mono: successfully reloaded assembly
- Completed reload, in  0.762 seconds
Platform modules already initialized, skipping
Shader 'Universal Render Pipeline/Particles/Lit': fallback shader 'Universal Render Pipeline/Particles/SimpleLit' not found
Refreshing native plugins compatible for Editor in 0.41 ms, found 0 plugins.
Preloading 0 native plugins for Editor in 0.00 ms.
Unloading 2500 Unused Serialized files (Serialized files now loaded: 0)
System memory in use before: 188.9 MB.
System memory in use after: 189.1 MB.

Unloading 6 unused Assets to reduce memory usage. Loaded Objects now: 3128.
Total: 2.353600 ms (FindLiveObjects: 0.266500 ms CreateObjectMapping: 0.110400 ms MarkObjects: 1.921100 ms  DeleteObjects: 0.054800 ms)

========================================================================
Received Prepare
Registering precompiled user dll's ...
Registered in 0.000632 seconds.
Begin MonoManager ReloadAssembly
Native extension for WindowsStandalone target not found
Refreshing native plugins compatible for Editor in 30.70 ms, found 0 plugins.
Preloading 0 native plugins for Editor in 0.00 ms.
Invoked RoslynAnalysisRunner static constructor.
RoslynAnalysisRunner will not be running.
RoslynAnalysisRunner has terminated.
Mono: successfully reloaded assembly
- Completed reload, in  0.719 seconds
Platform modules already initialized, skipping
Shader 'Universal Render Pipeline/Particles/Lit': fallback shader 'Universal Render Pipeline/Particles/SimpleLit' not found
Refreshing native plugins compatible for Editor in 0.26 ms, found 0 plugins.
Preloading 0 native plugins for Editor in 0.00 ms.
Unloading 1309 Unused Serialized files (Serialized files now loaded: 0)
System memory in use before: 167.2 MB.
System memory in use after: 167.4 MB.

Unloading 351 unused Assets to reduce memory usage. Loaded Objects now: 2784.
Total: 4.832400 ms (FindLiveObjects: 0.249600 ms CreateObjectMapping: 0.094300 ms MarkObjects: 1.632500 ms  DeleteObjects: 2.855000 ms)

========================================================================
Received Import Request.
  Time since last request: 764.174668 seconds.
  path: Assets/EffectExamples/Fire & Explosion Effects/Prefabs/DustExplosion.prefab
  artifactKey: Guid(d8f0099df63275647a8bcf646df1ca00) Importer(815301076,1909f56bfc062723c751e8b465ee728b)
Start importing Assets/EffectExamples/Fire & Explosion Effects/Prefabs/DustExplosion.prefab using Guid(d8f0099df63275647a8bcf646df1ca00) Importer(815301076,1909f56bfc062723c751e8b465ee728b)  -> (artifact id: '2f4ed4d5f15e0871e91c885a49d2398a') in 0.048709 seconds
  Import took 0.067714 seconds .

========================================================================
Received Import Request.
  Time since last request: 0.009334 seconds.
  path: Assets/EffectExamples/Fire & Explosion Effects/Prefabs/DustExplosion.prefab
  artifactKey: Guid(d8f0099df63275647a8bcf646df1ca00) Importer(815301076,1909f56bfc062723c751e8b465ee728b)
Start importing Assets/EffectExamples/Fire & Explosion Effects/Prefabs/DustExplosion.prefab using Guid(d8f0099df63275647a8bcf646df1ca00) Importer(815301076,1909f56bfc062723c751e8b465ee728b)  -> (artifact id: '2f4ed4d5f15e0871e91c885a49d2398a') in 0.003799 seconds
  Import took 0.009353 seconds .

========================================================================
Received Import Request.
  Time since last request: 0.000235 seconds.
  path: Assets/EffectExamples/Fire & Explosion Effects/Materials/Dust.mat
  artifactKey: Guid(53a63d52a4c231f4c8ef0f2bfc170425) Importer(815301076,1909f56bfc062723c751e8b465ee728b)
Start importing Assets/EffectExamples/Fire & Explosion Effects/Materials/Dust.mat using Guid(53a63d52a4c231f4c8ef0f2bfc170425) Importer(815301076,1909f56bfc062723c751e8b465ee728b)  -> (artifact id: 'a5a0d8792967df896d2b965464490e0f') in 0.312839 seconds
  Import took 0.315930 seconds .

========================================================================
Received Import Request.
  Time since last request: 0.000225 seconds.
  path: Assets/EffectExamples/Fire & Explosion Effects/Prefabs/BigExplosion.prefab
  artifactKey: Guid(e1b08032bec16ba4eb1ae23cbd572664) Importer(815301076,1909f56bfc062723c751e8b465ee728b)
Start importing Assets/EffectExamples/Fire & Explosion Effects/Prefabs/BigExplosion.prefab using Guid(e1b08032bec16ba4eb1ae23cbd572664) Importer(815301076,1909f56bfc062723c751e8b465ee728b)  -> (artifact id: '74d45635d24fd226eb49570b4fd03f08') in 0.013743 seconds
  Import took 0.037571 seconds .

========================================================================
Received Import Request.
  Time since last request: 0.000270 seconds.
  path: Assets/EffectExamples/Fire & Explosion Effects/Materials/Explosion.mat
  artifactKey: Guid(6421a5a06ae9f7a47a57b67f35c73b5a) Importer(815301076,1909f56bfc062723c751e8b465ee728b)
Start importing Assets/EffectExamples/Fire & Explosion Effects/Materials/Explosion.mat using Guid(6421a5a06ae9f7a47a57b67f35c73b5a) Importer(815301076,1909f56bfc062723c751e8b465ee728b)  -> (artifact id: '2651a17ce3f5a3342437317985e46ec3') in 0.228666 seconds
  Import took 0.231965 seconds .

========================================================================
Received Import Request.
  Time since last request: 18.687515 seconds.
  path: Assets/EffectExamples/Fire & Explosion Effects/Materials/TinyFlame.mat
  artifactKey: Guid(2a24b896dbe48144ab8d4a90468ad00e) Importer(815301076,1909f56bfc062723c751e8b465ee728b)
Start importing Assets/EffectExamples/Fire & Explosion Effects/Materials/TinyFlame.mat using Guid(2a24b896dbe48144ab8d4a90468ad00e) Importer(815301076,1909f56bfc062723c751e8b465ee728b)  -> (artifact id: '6225f8f871bcc3d4aa424a4297cf7d02') in 0.102131 seconds
  Import took 0.106493 seconds .

========================================================================
Received Import Request.
  Time since last request: 0.555890 seconds.
  path: Assets/EffectExamples/Fire & Explosion Effects/Prefabs/TinyExplosion.prefab
  artifactKey: Guid(25c7aa9ad705fe143a4d71c1c8deb7d4) Importer(815301076,1909f56bfc062723c751e8b465ee728b)
Start importing Assets/EffectExamples/Fire & Explosion Effects/Prefabs/TinyExplosion.prefab using Guid(25c7aa9ad705fe143a4d71c1c8deb7d4) Importer(815301076,1909f56bfc062723c751e8b465ee728b)  -> (artifact id: 'd7b459b5d25d88b13f7e789578725ba6') in 0.011492 seconds
  Import took 0.014997 seconds .

========================================================================
Received Import Request.
  Time since last request: 6.604721 seconds.
  path: Assets/EffectExamples/Fire & Explosion Effects/Materials/ExplosionDistortion.mat
  artifactKey: Guid(fafa06e8ef8c7fb4eac7a74c65cf3a06) Importer(815301076,1909f56bfc062723c751e8b465ee728b)
Start importing Assets/EffectExamples/Fire & Explosion Effects/Materials/ExplosionDistortion.mat using Guid(fafa06e8ef8c7fb4eac7a74c65cf3a06) Importer(815301076,1909f56bfc062723c751e8b465ee728b)  -> (artifact id: 'a9d3f92e58a7bd8f30246c7ff89bcfef') in 0.082531 seconds
  Import took 0.086344 seconds .

========================================================================
Received Import Request.
  Time since last request: 2.530616 seconds.
  path: Assets/EffectExamples/Fire & Explosion Effects/Materials/Embers.mat
  artifactKey: Guid(776677ab3818fb249adaca05f4e04545) Importer(815301076,1909f56bfc062723c751e8b465ee728b)
Start importing Assets/EffectExamples/Fire & Explosion Effects/Materials/Embers.mat using Guid(776677ab3818fb249adaca05f4e04545) Importer(815301076,1909f56bfc062723c751e8b465ee728b)  -> (artifact id: '4f1c2ba1c4e75a07fb6853f075bbea4c') in 0.022705 seconds
  Import took 0.026198 seconds .

========================================================================
Received Prepare
Registering precompiled user dll's ...
Registered in 0.000637 seconds.
Begin MonoManager ReloadAssembly
Native extension for WindowsStandalone target not found
Refreshing native plugins compatible for Editor in 0.25 ms, found 0 plugins.
Preloading 0 native plugins for Editor in 0.00 ms.
Invoked RoslynAnalysisRunner static constructor.
RoslynAnalysisRunner will not be running.
RoslynAnalysisRunner has terminated.
Mono: successfully reloaded assembly
- Completed reload, in  0.674 seconds
Platform modules already initialized, skipping
Shader 'Universal Render Pipeline/Particles/Lit': fallback shader 'Universal Render Pipeline/Particles/SimpleLit' not found
Refreshing native plugins compatible for Editor in 0.40 ms, found 0 plugins.
Preloading 0 native plugins for Editor in 0.00 ms.
Unloading 1309 Unused Serialized files (Serialized files now loaded: 0)
System memory in use before: 162.7 MB.
System memory in use after: 162.8 MB.

Unloading 6 unused Assets to reduce memory usage. Loaded Objects now: 2827.
Total: 2.112000 ms (FindLiveObjects: 0.226400 ms CreateObjectMapping: 0.078200 ms MarkObjects: 1.716000 ms  DeleteObjects: 0.090600 ms)

========================================================================
Received Import Request.
  Time since last request: 38.035641 seconds.
  path: Assets/EffectExamples/Fire & Explosion Effects/Materials/ExplosionDistortion.mat
  artifactKey: Guid(fafa06e8ef8c7fb4eac7a74c65cf3a06) Importer(815301076,1909f56bfc062723c751e8b465ee728b)
Start importing Assets/EffectExamples/Fire & Explosion Effects/Materials/ExplosionDistortion.mat using Guid(fafa06e8ef8c7fb4eac7a74c65cf3a06) Importer(815301076,1909f56bfc062723c751e8b465ee728b)  -> (artifact id: 'a350c7603df3d7ca8983413e7497485e') in 0.068369 seconds
  Import took 0.071872 seconds .

========================================================================
Received Import Request.
  Time since last request: 3.348301 seconds.
  path: Assets/EffectExamples/Fire & Explosion Effects/Prefabs/EnergyExplosion.prefab
  artifactKey: Guid(9bba9cf244c53c5439505dfc96fdd11c) Importer(815301076,1909f56bfc062723c751e8b465ee728b)
Start importing Assets/EffectExamples/Fire & Explosion Effects/Prefabs/EnergyExplosion.prefab using Guid(9bba9cf244c53c5439505dfc96fdd11c) Importer(815301076,1909f56bfc062723c751e8b465ee728b)  -> (artifact id: '1d5b46bedd8e0ccd3fa80dbd71f95ef2') in 0.016972 seconds
  Import took 0.020491 seconds .

========================================================================
Received Import Request.
  Time since last request: 0.015393 seconds.
  path: Assets/EffectExamples/Fire & Explosion Effects/Prefabs/EnergyExplosion.prefab
  artifactKey: Guid(9bba9cf244c53c5439505dfc96fdd11c) Importer(815301076,1909f56bfc062723c751e8b465ee728b)
Start importing Assets/EffectExamples/Fire & Explosion Effects/Prefabs/EnergyExplosion.prefab using Guid(9bba9cf244c53c5439505dfc96fdd11c) Importer(815301076,1909f56bfc062723c751e8b465ee728b)  -> (artifact id: '1d5b46bedd8e0ccd3fa80dbd71f95ef2') in 0.003857 seconds
  Import took 0.007284 seconds .

========================================================================
Received Import Request.
  Time since last request: 0.000293 seconds.
  path: Assets/EffectExamples/Fire & Explosion Effects/Materials/EnergyExplosion.mat
  artifactKey: Guid(bf88af72084132746823869f28b070f8) Importer(815301076,1909f56bfc062723c751e8b465ee728b)
Start importing Assets/EffectExamples/Fire & Explosion Effects/Materials/EnergyExplosion.mat using Guid(bf88af72084132746823869f28b070f8) Importer(815301076,1909f56bfc062723c751e8b465ee728b)  -> (artifact id: 'c0ae834c994f30837f77051cb40d28bc') in 0.121928 seconds
  Import took 0.125201 seconds .

========================================================================
Received Import Request.
  Time since last request: 0.533737 seconds.
  path: Assets/EffectExamples/Fire & Explosion Effects/Prefabs/FireBall.prefab
  artifactKey: Guid(a990e3ac1318b834488c784d851f42a9) Importer(815301076,1909f56bfc062723c751e8b465ee728b)
Start importing Assets/EffectExamples/Fire & Explosion Effects/Prefabs/FireBall.prefab using Guid(a990e3ac1318b834488c784d851f42a9) Importer(815301076,1909f56bfc062723c751e8b465ee728b)  -> (artifact id: 'a585e89aa50efa2ddfb7c944d9284446') in 0.013745 seconds
  Import took 0.018000 seconds .

========================================================================
Received Import Request.
  Time since last request: 0.000268 seconds.
  path: Assets/EffectExamples/Fire & Explosion Effects/Materials/fireball.mat
  artifactKey: Guid(3349fc02d104e2b458470ec533f51c16) Importer(815301076,1909f56bfc062723c751e8b465ee728b)
Start importing Assets/EffectExamples/Fire & Explosion Effects/Materials/fireball.mat using Guid(3349fc02d104e2b458470ec533f51c16) Importer(815301076,1909f56bfc062723c751e8b465ee728b)  -> (artifact id: 'e16bf9acf26d70ff16319c2ded04939b') in 0.231525 seconds
  Import took 0.235040 seconds .

========================================================================
Received Import Request.
  Time since last request: 3.157788 seconds.
  path: Assets/EffectExamples/Fire & Explosion Effects/Materials/Explosion.mat
  artifactKey: Guid(6421a5a06ae9f7a47a57b67f35c73b5a) Importer(815301076,1909f56bfc062723c751e8b465ee728b)
Start importing Assets/EffectExamples/Fire & Explosion Effects/Materials/Explosion.mat using Guid(6421a5a06ae9f7a47a57b67f35c73b5a) Importer(815301076,1909f56bfc062723c751e8b465ee728b)  -> (artifact id: '3e59ee07656f6549d047058cff291211') in 0.047899 seconds
  Import took 0.051330 seconds .

========================================================================
Received Import Request.
  Time since last request: 0.261963 seconds.
  path: Assets/EffectExamples/Fire & Explosion Effects/Prefabs/SmallExplosion.prefab
  artifactKey: Guid(64891a0eb28db934898420d80ca07cb3) Importer(815301076,1909f56bfc062723c751e8b465ee728b)
Start importing Assets/EffectExamples/Fire & Explosion Effects/Prefabs/SmallExplosion.prefab using Guid(64891a0eb28db934898420d80ca07cb3) Importer(815301076,1909f56bfc062723c751e8b465ee728b)  -> (artifact id: 'f8dbc0030374b1b8e9fa5c26a7ef6a44') in 0.011249 seconds
  Import took 0.014868 seconds .

========================================================================
Received Import Request.
  Time since last request: 0.004640 seconds.
  path: Assets/EffectExamples/Fire & Explosion Effects/Prefabs/SmallExplosion.prefab
  artifactKey: Guid(64891a0eb28db934898420d80ca07cb3) Importer(815301076,1909f56bfc062723c751e8b465ee728b)
Start importing Assets/EffectExamples/Fire & Explosion Effects/Prefabs/SmallExplosion.prefab using Guid(64891a0eb28db934898420d80ca07cb3) Importer(815301076,1909f56bfc062723c751e8b465ee728b)  -> (artifact id: 'f8dbc0030374b1b8e9fa5c26a7ef6a44') in 0.003589 seconds
  Import took 0.007258 seconds .

========================================================================
Received Import Request.
  Time since last request: 2.921392 seconds.
  path: Assets/EffectExamples/Fire & Explosion Effects/Materials/Embers.mat
  artifactKey: Guid(776677ab3818fb249adaca05f4e04545) Importer(815301076,1909f56bfc062723c751e8b465ee728b)
Start importing Assets/EffectExamples/Fire & Explosion Effects/Materials/Embers.mat using Guid(776677ab3818fb249adaca05f4e04545) Importer(815301076,1909f56bfc062723c751e8b465ee728b)  -> (artifact id: '588084301206e6f3e4fb66ed937e81a0') in 0.042037 seconds
  Import took 0.046410 seconds .

========================================================================
Received Import Request.
  Time since last request: 1.440865 seconds.
  path: Assets/EffectExamples/Fire & Explosion Effects/Materials/SmokeDark.mat
  artifactKey: Guid(698a8134f4ebbbd4e848648685f68067) Importer(815301076,1909f56bfc062723c751e8b465ee728b)
Start importing Assets/EffectExamples/Fire & Explosion Effects/Materials/SmokeDark.mat using Guid(698a8134f4ebbbd4e848648685f68067) Importer(815301076,1909f56bfc062723c751e8b465ee728b)  -> (artifact id: 'c7c8aba961d9930d13513c7f4d52ee99') in 0.152379 seconds
  Import took 0.171817 seconds .

========================================================================
Received Import Request.
  Time since last request: 203.475840 seconds.
  path: Assets/EffectExamples/Fire & Explosion Effects/Materials/SmokeDark.mat
  artifactKey: Guid(698a8134f4ebbbd4e848648685f68067) Importer(815301076,1909f56bfc062723c751e8b465ee728b)
Start importing Assets/EffectExamples/Fire & Explosion Effects/Materials/SmokeDark.mat using Guid(698a8134f4ebbbd4e848648685f68067) Importer(815301076,1909f56bfc062723c751e8b465ee728b)  -> (artifact id: '94a4a5532bdc5cace31b8f0e1a7db8e2') in 0.690210 seconds
  Import took 0.909980 seconds .

========================================================================
Received Import Request.
  Time since last request: 3.061423 seconds.
  path: Assets/EffectExamples/Fire & Explosion Effects/Prefabs/WildFire.prefab
  artifactKey: Guid(f293a2dcc753a4a489fefe7f8f312d69) Importer(815301076,1909f56bfc062723c751e8b465ee728b)
Start importing Assets/EffectExamples/Fire & Explosion Effects/Prefabs/WildFire.prefab using Guid(f293a2dcc753a4a489fefe7f8f312d69) Importer(815301076,1909f56bfc062723c751e8b465ee728b)  -> (artifact id: 'ad6abb9fd45ef691dc74c0f678093073') in 0.045434 seconds
  Import took 0.071811 seconds .

========================================================================
Received Import Request.
  Time since last request: 0.000708 seconds.
  path: Assets/EffectExamples/Fire & Explosion Effects/Materials/LargeFlame02.mat
  artifactKey: Guid(b25dd701bdc692249907c8b4e4b784b2) Importer(815301076,1909f56bfc062723c751e8b465ee728b)
Start importing Assets/EffectExamples/Fire & Explosion Effects/Materials/LargeFlame02.mat using Guid(b25dd701bdc692249907c8b4e4b784b2) Importer(815301076,1909f56bfc062723c751e8b465ee728b)  -> (artifact id: 'fc0274634558ac56afeb5dd2fe84618f') in 0.189742 seconds
  Import took 0.194054 seconds .

========================================================================
Received Prepare
Registering precompiled user dll's ...
Registered in 0.021338 seconds.
Begin MonoManager ReloadAssembly
Native extension for WindowsStandalone target not found
Refreshing native plugins compatible for Editor in 0.26 ms, found 0 plugins.
Preloading 0 native plugins for Editor in 0.00 ms.
Invoked RoslynAnalysisRunner static constructor.
RoslynAnalysisRunner will not be running.
RoslynAnalysisRunner has terminated.
Mono: successfully reloaded assembly
- Completed reload, in  2.048 seconds
Platform modules already initialized, skipping
Shader 'Universal Render Pipeline/Particles/Lit': fallback shader 'Universal Render Pipeline/Particles/SimpleLit' not found
Refreshing native plugins compatible for Editor in 0.27 ms, found 0 plugins.
Preloading 0 native plugins for Editor in 0.00 ms.
Unloading 1309 Unused Serialized files (Serialized files now loaded: 0)
System memory in use before: 162.8 MB.
System memory in use after: 163.0 MB.

Unloading 6 unused Assets to reduce memory usage. Loaded Objects now: 2831.
Total: 3.689400 ms (FindLiveObjects: 0.240000 ms CreateObjectMapping: 0.079500 ms MarkObjects: 2.575400 ms  DeleteObjects: 0.793600 ms)

========================================================================
Received Import Request.
  Time since last request: 52.661368 seconds.
  path: Assets/EffectExamples/Fire & Explosion Effects/Materials/MediumFlame03.mat
  artifactKey: Guid(6b187db0c2e012840b1199ccf0893b54) Importer(815301076,1909f56bfc062723c751e8b465ee728b)
Start importing Assets/EffectExamples/Fire & Explosion Effects/Materials/MediumFlame03.mat using Guid(6b187db0c2e012840b1199ccf0893b54) Importer(815301076,1909f56bfc062723c751e8b465ee728b)  -> (artifact id: 'fa76253c08899df36cea1102525dcc9f') in 0.270977 seconds
  Import took 0.286675 seconds .

========================================================================
Received Import Request.
  Time since last request: 3.582367 seconds.
  path: Assets/EffectExamples/Fire & Explosion Effects/Materials/MediumFlame03.mat
  artifactKey: Guid(6b187db0c2e012840b1199ccf0893b54) Importer(815301076,1909f56bfc062723c751e8b465ee728b)
Start importing Assets/EffectExamples/Fire & Explosion Effects/Materials/MediumFlame03.mat using Guid(6b187db0c2e012840b1199ccf0893b54) Importer(815301076,1909f56bfc062723c751e8b465ee728b)  -> (artifact id: 'fa76253c08899df36cea1102525dcc9f') in 0.017406 seconds
  Import took 0.022347 seconds .

========================================================================
Received Prepare
Registering precompiled user dll's ...
Registered in 0.019774 seconds.
Begin MonoManager ReloadAssembly
Native extension for WindowsStandalone target not found
Refreshing native plugins compatible for Editor in 1.16 ms, found 0 plugins.
Preloading 0 native plugins for Editor in 0.00 ms.
Invoked RoslynAnalysisRunner static constructor.
RoslynAnalysisRunner will not be running.
RoslynAnalysisRunner has terminated.
Mono: successfully reloaded assembly
- Completed reload, in  3.462 seconds
Platform modules already initialized, skipping
Shader 'Universal Render Pipeline/Particles/Lit': fallback shader 'Universal Render Pipeline/Particles/SimpleLit' not found
Refreshing native plugins compatible for Editor in 0.43 ms, found 0 plugins.
Preloading 0 native plugins for Editor in 0.00 ms.
Unloading 1309 Unused Serialized files (Serialized files now loaded: 0)
System memory in use before: 162.8 MB.
System memory in use after: 163.0 MB.

Unloading 5 unused Assets to reduce memory usage. Loaded Objects now: 2834.
Total: 2.836200 ms (FindLiveObjects: 0.436100 ms CreateObjectMapping: 0.111800 ms MarkObjects: 1.563800 ms  DeleteObjects: 0.723200 ms)

========================================================================
Received Import Request.
  Time since last request: 402.248349 seconds.
  path: Assets/Resources/Sprites/logo-white.png
  artifactKey: Guid(2bf7ccd2d75608e41956e180d7a8f517) Importer(815301076,1909f56bfc062723c751e8b465ee728b)
Start importing Assets/Resources/Sprites/logo-white.png using Guid(2bf7ccd2d75608e41956e180d7a8f517) Importer(815301076,1909f56bfc062723c751e8b465ee728b)  -> (artifact id: '98ee8f8a7bb10115027e4859ce4ba9d9') in 0.154975 seconds
  Import took 0.189049 seconds .

========================================================================
Received Import Request.
  Time since last request: 51.642426 seconds.
  path: Assets/Resources/Sprites/logo-white.png
  artifactKey: Guid(2bf7ccd2d75608e41956e180d7a8f517) Importer(815301076,1909f56bfc062723c751e8b465ee728b)
Start importing Assets/Resources/Sprites/logo-white.png using Guid(2bf7ccd2d75608e41956e180d7a8f517) Importer(815301076,1909f56bfc062723c751e8b465ee728b)  -> (artifact id: '5179652ebc1fd613bd255fa46b726aa4') in 0.092901 seconds
  Import took 0.125394 seconds .

========================================================================
Received Prepare
Registering precompiled user dll's ...
Registered in 0.000815 seconds.
Begin MonoManager ReloadAssembly
Native extension for WindowsStandalone target not found
Refreshing native plugins compatible for Editor in 0.58 ms, found 0 plugins.
Preloading 0 native plugins for Editor in 0.00 ms.
Invoked RoslynAnalysisRunner static constructor.
RoslynAnalysisRunner will not be running.
RoslynAnalysisRunner has terminated.
Mono: successfully reloaded assembly
- Completed reload, in  0.675 seconds
Platform modules already initialized, skipping
Shader 'Universal Render Pipeline/Particles/Lit': fallback shader 'Universal Render Pipeline/Particles/SimpleLit' not found
Refreshing native plugins compatible for Editor in 0.43 ms, found 0 plugins.
Preloading 0 native plugins for Editor in 0.00 ms.
Unloading 1309 Unused Serialized files (Serialized files now loaded: 0)
System memory in use before: 162.8 MB.
System memory in use after: 163.0 MB.

Unloading 5 unused Assets to reduce memory usage. Loaded Objects now: 2841.
Total: 1.993900 ms (FindLiveObjects: 0.235700 ms CreateObjectMapping: 0.149900 ms MarkObjects: 1.519000 ms  DeleteObjects: 0.088000 ms)

========================================================================
Received Prepare
Shader 'Universal Render Pipeline/Particles/Lit': fallback shader 'Universal Render Pipeline/Particles/SimpleLit' not found
Refreshing native plugins compatible for Editor in 0.74 ms, found 0 plugins.
Preloading 0 native plugins for Editor in 0.00 ms.
Unloading 3 Unused Serialized files (Serialized files now loaded: 0)
System memory in use before: 136.9 MB.
System memory in use after: 137.1 MB.

Unloading 3 unused Assets to reduce memory usage. Loaded Objects now: 2841.
Total: 1.963300 ms (FindLiveObjects: 0.255100 ms CreateObjectMapping: 0.091200 ms MarkObjects: 1.536300 ms  DeleteObjects: 0.079400 ms)

AssetImportWorkerClient::OnTransportError - code=2 error=End of file
